<?xml version="1.0" encoding="UTF-8"?>
<testsuite xmlns:xsi="http://www.w3.org/2001/XMLSchema-instance" xsi:noNamespaceSchemaLocation="https://maven.apache.org/surefire/maven-surefire-plugin/xsd/surefire-test-report-3.0.xsd" version="3.0" name="com.mycompany.prog_a1_st10449515_p1.TasksTest" time="80.156" tests="4" errors="3" skipped="0" failures="0">
  <properties>
[...]
</properties>
  <testcase name="testCreateTaskID" classname="com.mycompany.prog_a1_st10449515_p1.TasksTest" time="73.895"/>
  <testcase name="testReturnTotalHours" classname="com.mycompany.prog_a1_st10449515_p1.TasksTest" time="1.806">
    <error message="For input string: &quot;&quot;" type="java.lang.NumberFormatException"><![CDATA[java.lang.NumberFormatException: For input string: ""
	at java.base/java.lang.NumberFormatException.forInputString(NumberFormatException.java:67)
	at java.base/java.lang.Integer.parseInt(Integer.java:565)
	at java.base/java.lang.Integer.parseInt(Integer.java:685)
	at com.mycompany.prog_a1_st10449515_p1.Tasks.<init>(Tasks.java:25)
	at com.mycompany.prog_a1_st10449515_p1.TasksTest.setUp(TasksTest.java:23)
	at java.base/java.lang.reflect.Method.invoke(Method.java:580)
	at java.base/java.util.ArrayList.forEach(ArrayList.java:1597)
	at java.base/java.util.ArrayList.forEach(ArrayList.java:1597)
]]></error>
  </testcase>
  <testcase name="testAddTaskAndGetTaskDetailsByIndex" classname="com.mycompany.prog_a1_st10449515_p1.TasksTest" time="1.617">
    <error message="For input string: &quot;&quot;" type="java.lang.NumberFormatException"><![CDATA[java.lang.NumberFormatException: For input string: ""
	at java.base/java.lang.NumberFormatException.forInputString(NumberFormatException.java:67)
	at java.base/java.lang.Integer.parseInt(Integer.java:565)
	at java.base/java.lang.Integer.parseInt(Integer.java:685)
	at com.mycompany.prog_a1_st10449515_p1.Tasks.<init>(Tasks.java:25)
	at com.mycompany.prog_a1_st10449515_p1.TasksTest.setUp(TasksTest.java:23)
	at java.base/java.lang.reflect.Method.invoke(Method.java:580)
	at java.base/java.util.ArrayList.forEach(ArrayList.java:1597)
	at java.base/java.util.ArrayList.forEach(ArrayList.java:1597)
]]></error>
  </testcase>
  <testcase name="testCheckTaskDescription" classname="com.mycompany.prog_a1_st10449515_p1.TasksTest" time="2.762">
    <error message="Cannot parse null string" type="java.lang.NumberFormatException"><![CDATA[java.lang.NumberFormatException: Cannot parse null string
	at java.base/java.lang.Integer.parseInt(Integer.java:550)
	at java.base/java.lang.Integer.parseInt(Integer.java:685)
	at com.mycompany.prog_a1_st10449515_p1.Tasks.<init>(Tasks.java:25)
	at com.mycompany.prog_a1_st10449515_p1.TasksTest.setUp(TasksTest.java:23)
	at java.base/java.lang.reflect.Method.invoke(Method.java:580)
	at java.base/java.util.ArrayList.forEach(ArrayList.java:1597)
	at java.base/java.util.ArrayList.forEach(ArrayList.java:1597)
]]></error>
  </testcase>
</testsuite>